*****info*****   Connected to database
*****info*****   Connected to database
*****info*****   Connected to database
*****info*****   Connected to database
*****info*****   Connected to database
*****info*****   Connected to database
*****info*****   Connected to database
*****info*****   Connected to database
*****info*****   Connected to database
*****info*****   Connected to database
*****info*****   Connected to database
*****info*****   Connected to database
*****info*****   Connected to database
*****info*****   Connected to database
*****info*****   Connected to database
*****info*****   Connected to database
*****info*****   Connected to database
*****info*****   Connected to database
*****info*****   Connected to database
*****info*****   Connected to database
*****info*****   Connected to database
*****info*****   Connected to database
*****info*****   Connected to database
*****info*****   Connected to database
*****info*****   Connected to database
*****info*****   Connected to database
*****info*****   Connected to database
*****info*****   Connected to database
*****info*****   Connected to database
*****info*****   Connected to database
*****info*****   Connected to database
*****info*****   Connected to database
*****info*****   Example app listening on port 2000!
*****info*****   App listening on port 2000!
*****info*****   App listening on port 2000!
*****info*****   App listening on port 2000!
*****info*****   App listening on port 2000!
*****info*****   App listening on port 2000!
undefined
*****info*****   App listening on port 2000!
*****info*****   App listening on port 2000!
*****info*****   App listening on port 2000!
*****info*****   App listening on port 2000!
*****info*****   App listening on port 2000!
*****info*****   App listening on port 2000!
*****info*****   App listening on port 2000!
*****info*****   App listening on port 2000!
*****info*****   App listening on port 2000!
*****info*****   App listening on port 2000!
*****info*****   App listening on port 2000!
*****info*****   App listening on port 2000!
*****info*****   App listening on port 2000!
*****info*****   App listening on port 2000!
*****info*****   App listening on port 2000!
*****info*****   App listening on port 2000!
*****info*****   App listening on port 2000!
*****info*****   App listening on port 2000!
*****info*****   App listening on port 2000!
***info*****   App listening on port 2000!
***info***   App listening on port 2000!
***info***   App listening on port 2000!
***info***   App listening on port 2000!
***info***   App listening on port 2000!
*** info***   App listening on port 2000!
*** info ***   App listening on port 2000!
*** info ***   App listening on port 2000!
*** Info ***   App listening on port 2000!
*** Info ***   App listening on port 2000!
*** Info ***   App listening on port 2000!
*** Info ***   App listening on port 2000!
*** Info ***   App listening on port 2000!
*** Info ***   App listening on port 2000!
*** Info ***   App listening on port 2000!
*** Info ***   App listening on port 2000!
*** info ***   App listening on port 2000!
*** info ***   App listening on port 2000!
*** info ***   App listening on port 2000!
*** info ***   App listening on port 2000!
*** info ***   App listening on port 2000!
*** info ***   App listening on port 2000!
*** info ***   App listening on port 2000!
*** info ***   App listening on port 2000!
*** info ***   App listening on port 2000!
*** info ***   App listening on port 2000!
*** info ***   App listening on port 2000!
*** info ***   App listening on port 2000!
*** info ***   App listening on port 2000!
*** info ***   App listening on port 2000!
*** info ***   App listening on port 2000!
*** info ***   App listening on port 2000!
*** info ***   App listening on port 2000!
*** info ***   App listening on port 2000!
*** info ***   App listening on port 2000!
*** info ***   App listening on port 2000!
*** info ***   App listening on port 2000!
*** info ***   App listening on port 2000!
*** info ***   App listening on port 2000!
*** info ***   App listening on port 2000!
*** info ***   App listening on port 2000!
*** info ***   App listening on port 2000!
*** info ***   App listening on port 2000!
*** info ***   App listening on port 2000!
*** info ***   App listening on port 2000!
*** info ***   App listening on port 2000!
*** info ***   App listening on port 2000!
*** info ***   App listening on port 2000!
*** info ***   App listening on port 2000!
*** info ***   App listening on port 2000!
*** info ***   App listening on port 2000!
*** info ***   App listening on port 2000!
*** info ***   App listening on port 2000!
*** info ***   App listening on port 2000!
*** info ***   App listening on port 2000!
*** info ***   App listening on port 2000!
*** info ***   App listening on port 2000!
*** info ***   App listening on port 2000!
*** info ***   App listening on port 2000!
*** info ***   App listening on port 2000!
*** info ***   App listening on port 2000!
*** info ***   App listening on port 2000!
*** info ***   App listening on port 2000!
*** info ***   App listening on port 2000!
*** info ***   App listening on port 2000!
*** info ***   App listening on port 2000!
*** info ***   App listening on port 2000!
*** info ***   App listening on port 2000!
*** info ***   App listening on port 2000!
*** info ***   App listening on port 2000!
*** info ***   App listening on port 2000!
*** info ***   App listening on port 2000!
*** info ***   App listening on port 2000!
*** info ***   App listening on port 2000!
*** info ***   App listening on port 2000!
*** info ***   App listening on port 2000!
*** info ***   App listening on port 2000!
*** info ***   App listening on port 2000!
*** info ***   App listening on port 2000!
*** info ***   App listening on port 2000!
*** info ***   App listening on port 2000!
*** info ***   App listening on port 2000!
*** info ***   App listening on port 2000!
*** info ***   App listening on port 2000!
*** info ***   App listening on port 2000!
*** info ***   App listening on port 2000!
*** info ***   App listening on port 2000!
*** info ***   App listening on port 2000!
*** info ***   App listening on port 2000!
*** info ***   App listening on port 2000!
*** info ***   App listening on port 2000!
*** info ***   App listening on port 2000!
*** info ***   App listening on port 2000!
*** info ***   App listening on port 2000!
*** info ***   App listening on port 2000!
*** info ***   App listening on port 2000!
*** info ***   App listening on port 2000!
*** info ***   App listening on port 2000!
*** info ***   App listening on port 2000!
*** info ***   App listening on port 2000!
*** info ***   App listening on port 2000!
*** info ***   App listening on port 2000!
*** info ***   App listening on port 2000!
*** info ***   App listening on port 2000!
*** info ***   App listening on port 2000!
*** info ***   App listening on port 2000!
*** info ***   App listening on port 2000!
*** info ***   App listening on port 2000!
*** info ***   App listening on port 2000!
*** info ***   App listening on port 2000!
*** info ***   App listening on port 2000!
*** info ***   App listening on port 2000!
*** info ***   App listening on port 2000!
*** info ***   App listening on port 2000!
*** info ***   App listening on port 2000!
*** info ***   App listening on port 2000!
*** info ***   App listening on port 2000!
*** info ***   App listening on port 2000!
*** info ***   App listening on port 2000!
*** info ***   App listening on port 2000!
*** info ***   App listening on port 2000!
*** info ***   App listening on port 2000!
*** info ***   App listening on port 2000!
*** info ***   App listening on port 2000!
*** info ***   App listening on port 2000!
*** info ***   App listening on port 2000!
*** info ***   App listening on port 2000!
*** info ***   App listening on port 2000!
*** info ***   App listening on port 2000!
*** info ***   App listening on port 2000!
*** info ***   App listening on port 2000!
*** info ***   App listening on port 2000!
*** info ***   App listening on port 2000!
*** info ***   App listening on port 2000!
*** info ***   App listening on port 2000!
*** info ***   App listening on port 2000!
*** info ***   App listening on port 2000!
*** info ***   App listening on port 2000!
*** info ***   App listening on port 2000!
*** info ***   App listening on port 2000!
*** info ***   App listening on port 2000!
*** info ***   App listening on port 2000!
*** info ***   App listening on port 2000!
*** info ***   App listening on port 2000!
*** info ***   App listening on port 2000!
*** info ***   App listening on port 2000!
*** info ***   App listening on port 2000!
*** info ***   App listening on port 2000!
*** info ***   App listening on port 2000!
*** info ***   App listening on port 2000!
*** info ***   App listening on port 2000!
*** info ***   App listening on port 2000!
*** info ***   App listening on port 2000!
*** info ***   App listening on port 2000!
*** info ***   App listening on port 2000!
*** info ***   App listening on port 2000!
*** info ***   App listening on port 2000!
*** info ***   App listening on port 2000!
*** info ***   App listening on port 2000!
*** info ***   App listening on port 2000!
*** info ***   App listening on port 2000!
*** info ***   App listening on port 2000!
*** info ***   App listening on port 2000!
*** info ***   App listening on port 2000!
*** info ***   App listening on port 2000!
*** info ***   App listening on port 2000!
*** info ***   App listening on port 2000!
*** info ***   App listening on port 2000!
*** info ***   App listening on port 2000!
*** info ***   App listening on port 2000!
*** info ***   App listening on port 2000!
*** info ***   App listening on port 2000!
*** info ***   App listening on port 2000!
*** info ***   App listening on port 2000!
*** info ***   App listening on port 2000!
*** info ***   App listening on port 2000!
*** info ***   App listening on port 2000!
*** info ***   App listening on port 2000!
*** info ***   App listening on port 2000!
*** info ***   App listening on port 2000!
*** info ***   App listening on port 2000!
*** info ***   App listening on port 2000!
*** info ***   App listening on port 2000!
*** info ***   App listening on port 2000!
*** info ***   App listening on port 2000!
*** info ***   App listening on port 2000!
*** info ***   App listening on port 2000!
*** info ***   App listening on port 2000!
*** info ***   App listening on port 2000!
*** info ***   App listening on port 2000!
*** info ***   App listening on port 2000!
*** info ***   App listening on port 2000!
*** info ***   App listening on port 2000!
*** info ***   App listening on port 2000!
*** info ***   App listening on port 2000!
*** info ***   App listening on port 2000!
*** info ***   App listening on port 2000!
*** info ***   App listening on port 2000!
*** info ***   App listening on port 2000!
*** info ***   App listening on port 2000!
*** info ***   App listening on port 2000!
*** info ***   App listening on port 2000!
*** info ***   App listening on port 2000!
*** info ***   App listening on port 2000!
*** info ***   App listening on port 2000!
*** info ***   App listening on port 2000!
*** info ***   App listening on port 2000!
*** info ***   App listening on port 2000!
*** info ***   App listening on port 2000!
*** info ***   App listening on port 2000!
*** info ***   App listening on port 2000!
*** info ***   App listening on port 2000!
*** info ***   App listening on port 2000!
*** info ***   App listening on port 2000!
*** info ***   App listening on port 2000!
*** info ***   App listening on port 2000!
*** info ***   App listening on port 2000!
*** info ***   App listening on port 2000!
*** info ***   App listening on port 2000!
*** info ***   App listening on port 2000!
*** info ***   App listening on port 2000!
*** info ***   App listening on port 2000!
*** info ***   App listening on port 2000!
*** info ***   App listening on port 2000!
*** info ***   App listening on port 2000!
*** info ***   App listening on port 2000!
*** info ***   App listening on port 2000!
*** info ***   App listening on port 2000!
*** info ***   App listening on port 2000!
*** info ***   App listening on port 2000!
*** info ***   App listening on port 2000!
*** info ***   App listening on port 2000!
*** info ***   App listening on port 2000!
*** info ***   App listening on port 2000!
*** info ***   App listening on port 2000!
*** info ***   App listening on port 2000!
*** info ***   App listening on port 2000!
*** info ***   App listening on port 2000!
*** info ***   App listening on port 2000!
*** info ***   App listening on port 2000!
*** info ***   App listening on port 2000!
*** info ***   App listening on port 2000!
*** info ***   App listening on port 2000!
*** info ***   App listening on port 2000!
*** info ***   App listening on port 2000!
*** info ***   App listening on port 2000!
*** info ***   App listening on port 2000!
*** info ***   App listening on port 2000!
*** info ***   App listening on port 2000!
*** info ***   App listening on port 2000!
*** info ***   App listening on port 2000!
*** info ***   App listening on port 2000!
*** info ***   App listening on port 2000!
*** info ***   App listening on port 2000!
*** info ***   App listening on port 2000!
*** info ***   App listening on port 2000!
*** info ***   App listening on port 2000!
*** info ***   App listening on port 2000!
*** info ***   App listening on port 2000!
*** info ***   App listening on port 2000!
*** info ***   App listening on port 2000!
*** info ***   App listening on port 2000!
*** info ***   App listening on port 2000!
*** info ***   App listening on port 2000!
*** info ***   App listening on port 2000!
*** info ***   App listening on port 2000!
*** info ***   App listening on port 2000!
*** info ***   App listening on port 2000!
*** info ***   App listening on port 2000!
*** info ***   App listening on port 2000!
*** info ***   App listening on port 2000!
*** info ***   App listening on port 2000!
*** info ***   App listening on port 2000!
*** info ***   App listening on port 2000!
*** info ***   App listening on port 2000!
*** info ***   App listening on port 2000!
*** info ***   App listening on port 2000!
*** info ***   App listening on port 2000!
*** info ***   App listening on port 2000!
*** info ***   App listening on port 2000!
*** info ***   App listening on port 2000!
*** info ***   App listening on port 2000!
*** info ***   App listening on port 2000!
*** info ***   App listening on port 2000!
*** info ***   App listening on port 2000!
*** info ***   App listening on port 2000!
*** info ***   App listening on port 2000!
*** info ***   App listening on port 2000!
*** info ***   App listening on port 2000!
*** info ***   App listening on port 2000!
*** info ***   App listening on port 2000!
*** info ***   App listening on port 2000!
*** info ***   App listening on port 2000!
*** info ***   App listening on port 2000!
*** info ***   App listening on port 2000!
*** info ***   App listening on port 2000!
*** info ***   App listening on port 2000!
*** info ***   App listening on port 2000!
*** info ***   App listening on port 2000!
*** info ***   App listening on port 2000!
*** info ***   App listening on port 2000!
*** info ***   App listening on port 2000!
*** info ***   App listening on port 2000!
*** info ***   App listening on port 2000!
*** info ***   App listening on port 2000!
*** info ***   App listening on port 2000!
*** info ***   App listening on port 2000!
*** info ***   App listening on port 2000!
*** info ***   App listening on port 2000!
*** info ***   App listening on port 2000!
*** info ***   App listening on port 2000!
*** info ***   App listening on port 2000!
*** info ***   App listening on port 2000!
*** info ***   App listening on port 2000!
*** info ***   App listening on port 2000!
*** info ***   App listening on port 2000!
*** info ***   App listening on port 2000!
*** info ***   App listening on port 2000!
*** info ***   App listening on port 2000!
*** info ***   App listening on port 2000!
*** info ***   App listening on port 2000!
*** info ***   App listening on port 2000!
*** info ***   App listening on port 2000!
*** info ***   App listening on port 2000!
*** info ***   App listening on port 2000!
*** info ***   App listening on port 2000!
*** info ***   App listening on port 2000!
*** info ***   App listening on port 2000!
*** info ***   App listening on port 2000!
*** info ***   App listening on port 2000!
*** info ***   App listening on port 2000!
*** info ***   App listening on port 2000!
*** info ***   App listening on port 2000!
*** info ***   App listening on port 2000!
*** info ***   App listening on port 2000!
*** info ***   App listening on port 2000!
*** info ***   App listening on port 2000!
*** info ***   App listening on port 2000!
*** info ***   App listening on port 2000!
*** info ***   App listening on port 2000!
*** info ***   App listening on port 2000!
*** info ***   App listening on port 2000!
*** info ***   App listening on port 2000!
*** info ***   App listening on port 2000!
*** info ***   App listening on port 2000!
*** info ***   App listening on port 2000!
*** info ***   App listening on port 2000!
*** info ***   App listening on port 2000!
*** info ***   App listening on port 2000!
*** info ***   App listening on port 2000!
*** info ***   App listening on port 2000!
*** info ***   App listening on port 2000!
*** info ***   App listening on port 2000!
*** info ***   App listening on port 2000!
*** info ***   App listening on port 2000!
*** info ***   App listening on port 2000!
*** info ***   App listening on port 2000!
*** info ***   App listening on port 2000!
*** info ***   App listening on port 2000!
*** info ***   App listening on port 2000!
*** info ***   App listening on port 2000!
*** info ***   App listening on port 2000!
*** info ***   App listening on port 2000!
*** info ***   App listening on port 2000!
*** info ***   App listening on port 2000!
*** info ***   App listening on port 2000!
*** info ***   App listening on port 2000!
*** info ***   App listening on port 2000!
*** info ***   App listening on port 2000!
*** info ***   App listening on port 2000!
*** info ***   App listening on port 2000!
*** info ***   App listening on port 2000!
*** info ***   App listening on port 2000!
*** info ***   App listening on port 2000!
*** info ***   App listening on port 2000!
*** info ***   App listening on port 2000!
*** info ***   App listening on port 2000!
*** info ***   App listening on port 2000!
*** info ***   App listening on port 2000!
*** info ***   App listening on port 2000!
*** info ***   App listening on port 2000!
*** info ***   App listening on port 2000!
*** info ***   App listening on port 2000!
*** info ***   App listening on port 2000!
*** info ***   App listening on port 2000!
*** info ***   App listening on port 2000!
*** info ***   App listening on port 2000!
*** info ***   App listening on port 2000!
*** info ***   App listening on port 2000!
*** info ***   App listening on port 2000!
*** info ***   App listening on port 2000!
*** info ***   App listening on port 2000!
*** info ***   App listening on port 2000!
*** info ***   App listening on port 2000!
*** info ***   App listening on port 2000!
*** info ***   App listening on port 2000!
*** info ***   App listening on port 2000!
*** info ***   App listening on port 2000!
*** info ***   App listening on port 2000!
*** info ***   App listening on port 2000!
*** info ***   App listening on port 2000!
*** info ***   App listening on port 2000!
*** info ***   App listening on port 2000!
*** info ***   App listening on port 2000!
